{"/Users/dh/Desktop/code/my-js/src/DataStructuresAlgorithms/List/index.ts": {"path":"/Users/dh/Desktop/code/my-js/src/DataStructuresAlgorithms/List/index.ts","statementMap":{"0":{"start":{"line":2,"column":0},"end":{"line":2,"column":null}},"1":{"start":{"line":4,"column":9},"end":{"line":4,"column":null}},"2":{"start":{"line":6,"column":9},"end":{"line":6,"column":null}},"3":{"start":{"line":8,"column":9},"end":{"line":8,"column":null}},"4":{"start":{"line":14,"column":1},"end":{"line":16,"column":null}},"5":{"start":{"line":15,"column":2},"end":{"line":15,"column":null}},"6":{"start":{"line":19,"column":9},"end":{"line":27,"column":null}},"7":{"start":{"line":20,"column":34},"end":{"line":20,"column":38}},"8":{"start":{"line":20,"column":18},"end":{"line":20,"column":20}},"9":{"start":{"line":20,"column":29},"end":{"line":20,"column":34}},"10":{"start":{"line":21,"column":2},"end":{"line":25,"column":null}},"11":{"start":{"line":21,"column":15},"end":{"line":21,"column":16}},"12":{"start":{"line":22,"column":3},"end":{"line":24,"column":null}},"13":{"start":{"line":23,"column":4},"end":{"line":23,"column":null}},"14":{"start":{"line":26,"column":2},"end":{"line":26,"column":null}},"15":{"start":{"line":32,"column":8},"end":{"line":36,"column":null}},"16":{"start":{"line":33,"column":2},"end":{"line":33,"column":null}},"17":{"start":{"line":34,"column":2},"end":{"line":34,"column":null}},"18":{"start":{"line":35,"column":2},"end":{"line":35,"column":null}},"19":{"start":{"line":44,"column":8},"end":{"line":52,"column":null}},"20":{"start":{"line":45,"column":14},"end":{"line":45,"column":32}},"21":{"start":{"line":46,"column":2},"end":{"line":50,"column":null}},"22":{"start":{"line":47,"column":3},"end":{"line":47,"column":null}},"23":{"start":{"line":48,"column":3},"end":{"line":48,"column":null}},"24":{"start":{"line":49,"column":3},"end":{"line":49,"column":null}},"25":{"start":{"line":51,"column":2},"end":{"line":51,"column":null}},"26":{"start":{"line":58,"column":8},"end":{"line":65,"column":null}},"27":{"start":{"line":59,"column":14},"end":{"line":59,"column":33}},"28":{"start":{"line":60,"column":2},"end":{"line":63,"column":null}},"29":{"start":{"line":61,"column":3},"end":{"line":61,"column":null}},"30":{"start":{"line":62,"column":3},"end":{"line":62,"column":null}},"31":{"start":{"line":64,"column":2},"end":{"line":64,"column":null}},"32":{"start":{"line":71,"column":8},"end":{"line":73,"column":null}},"33":{"start":{"line":72,"column":2},"end":{"line":72,"column":null}},"34":{"start":{"line":78,"column":8},"end":{"line":82,"column":null}},"35":{"start":{"line":79,"column":2},"end":{"line":81,"column":null}},"36":{"start":{"line":80,"column":3},"end":{"line":80,"column":null}},"37":{"start":{"line":87,"column":8},"end":{"line":91,"column":null}},"38":{"start":{"line":88,"column":2},"end":{"line":90,"column":null}},"39":{"start":{"line":89,"column":3},"end":{"line":89,"column":null}},"40":{"start":{"line":96,"column":8},"end":{"line":98,"column":null}},"41":{"start":{"line":97,"column":2},"end":{"line":97,"column":null}},"42":{"start":{"line":103,"column":8},"end":{"line":105,"column":null}},"43":{"start":{"line":104,"column":2},"end":{"line":104,"column":null}},"44":{"start":{"line":111,"column":8},"end":{"line":113,"column":null}},"45":{"start":{"line":112,"column":2},"end":{"line":112,"column":null}},"46":{"start":{"line":118,"column":8},"end":{"line":120,"column":null}},"47":{"start":{"line":119,"column":2},"end":{"line":119,"column":null}},"48":{"start":{"line":125,"column":8},"end":{"line":127,"column":null}},"49":{"start":{"line":126,"column":2},"end":{"line":126,"column":null}},"50":{"start":{"line":132,"column":8},"end":{"line":135,"column":null}},"51":{"start":{"line":133,"column":14},"end":{"line":133,"column":33}},"52":{"start":{"line":134,"column":2},"end":{"line":134,"column":null}},"53":{"start":{"line":140,"column":8},"end":{"line":142,"column":null}},"54":{"start":{"line":141,"column":2},"end":{"line":141,"column":null}},"55":{"start":{"line":143,"column":0},"end":{"line":143,"column":null}}},"fnMap":{"0":{"name":"(anonymous_0)","decl":{"start":{"line":2,"column":0},"end":{"line":2,"column":null}},"loc":{"start":{"line":2,"column":0},"end":{"line":143,"column":null}}},"1":{"name":"(anonymous_2)","decl":{"start":{"line":14,"column":1},"end":{"line":14,"column":5}},"loc":{"start":{"line":14,"column":1},"end":{"line":16,"column":2}}},"2":{"name":"(anonymous_3)","decl":{"start":{"line":19,"column":1},"end":{"line":19,"column":9}},"loc":{"start":{"line":19,"column":25},"end":{"line":27,"column":2}}},"3":{"name":"(anonymous_4)","decl":{"start":{"line":32,"column":1},"end":{"line":32,"column":8}},"loc":{"start":{"line":32,"column":1},"end":{"line":36,"column":2}}},"4":{"name":"(anonymous_5)","decl":{"start":{"line":44,"column":1},"end":{"line":44,"column":8}},"loc":{"start":{"line":44,"column":36},"end":{"line":52,"column":2}}},"5":{"name":"(anonymous_6)","decl":{"start":{"line":58,"column":1},"end":{"line":58,"column":8}},"loc":{"start":{"line":58,"column":25},"end":{"line":65,"column":2}}},"6":{"name":"(anonymous_7)","decl":{"start":{"line":71,"column":1},"end":{"line":71,"column":8}},"loc":{"start":{"line":71,"column":25},"end":{"line":73,"column":2}}},"7":{"name":"(anonymous_8)","decl":{"start":{"line":78,"column":1},"end":{"line":78,"column":8}},"loc":{"start":{"line":78,"column":1},"end":{"line":82,"column":2}}},"8":{"name":"(anonymous_9)","decl":{"start":{"line":87,"column":1},"end":{"line":87,"column":8}},"loc":{"start":{"line":87,"column":1},"end":{"line":91,"column":2}}},"9":{"name":"(anonymous_10)","decl":{"start":{"line":96,"column":1},"end":{"line":96,"column":8}},"loc":{"start":{"line":96,"column":1},"end":{"line":98,"column":2}}},"10":{"name":"(anonymous_11)","decl":{"start":{"line":103,"column":1},"end":{"line":103,"column":8}},"loc":{"start":{"line":103,"column":1},"end":{"line":105,"column":2}}},"11":{"name":"(anonymous_12)","decl":{"start":{"line":111,"column":1},"end":{"line":111,"column":8}},"loc":{"start":{"line":111,"column":28},"end":{"line":113,"column":2}}},"12":{"name":"(anonymous_13)","decl":{"start":{"line":118,"column":1},"end":{"line":118,"column":8}},"loc":{"start":{"line":118,"column":1},"end":{"line":120,"column":2}}},"13":{"name":"(anonymous_14)","decl":{"start":{"line":125,"column":1},"end":{"line":125,"column":8}},"loc":{"start":{"line":125,"column":1},"end":{"line":127,"column":2}}},"14":{"name":"(anonymous_15)","decl":{"start":{"line":132,"column":1},"end":{"line":132,"column":8}},"loc":{"start":{"line":132,"column":26},"end":{"line":135,"column":2}}},"15":{"name":"(anonymous_16)","decl":{"start":{"line":140,"column":1},"end":{"line":140,"column":8}},"loc":{"start":{"line":140,"column":1},"end":{"line":142,"column":2}}}},"branchMap":{"0":{"loc":{"start":{"line":22,"column":3},"end":{"line":24,"column":null}},"type":"if","locations":[{"start":{"line":22,"column":3},"end":{"line":24,"column":null}}]},"1":{"loc":{"start":{"line":46,"column":2},"end":{"line":50,"column":null}},"type":"if","locations":[{"start":{"line":46,"column":2},"end":{"line":50,"column":null}}]},"2":{"loc":{"start":{"line":60,"column":2},"end":{"line":63,"column":null}},"type":"if","locations":[{"start":{"line":60,"column":2},"end":{"line":63,"column":null}}]},"3":{"loc":{"start":{"line":79,"column":2},"end":{"line":81,"column":null}},"type":"if","locations":[{"start":{"line":79,"column":2},"end":{"line":81,"column":null}}]},"4":{"loc":{"start":{"line":88,"column":2},"end":{"line":90,"column":null}},"type":"if","locations":[{"start":{"line":88,"column":2},"end":{"line":90,"column":null}}]},"5":{"loc":{"start":{"line":134,"column":9},"end":{"line":134,"column":32}},"type":"cond-expr","locations":[{"start":{"line":134,"column":20},"end":{"line":134,"column":24}},{"start":{"line":134,"column":27},"end":{"line":134,"column":32}}]}},"s":{"0":1,"1":1,"2":1,"3":1,"4":1,"5":2,"6":1,"7":1,"8":1,"9":1,"10":1,"11":1,"12":2,"13":1,"14":0,"15":1,"16":0,"17":0,"18":0,"19":1,"20":1,"21":1,"22":1,"23":1,"24":1,"25":0,"26":1,"27":0,"28":0,"29":0,"30":0,"31":0,"32":1,"33":3,"34":1,"35":1,"36":1,"37":1,"38":1,"39":1,"40":1,"41":0,"42":1,"43":0,"44":1,"45":0,"46":1,"47":0,"48":1,"49":3,"50":1,"51":0,"52":0,"53":1,"54":1,"55":1},"f":{"0":2,"1":2,"2":1,"3":0,"4":1,"5":0,"6":3,"7":1,"8":1,"9":0,"10":0,"11":0,"12":0,"13":3,"14":0,"15":1},"b":{"0":[1],"1":[1],"2":[0],"3":[1],"4":[1],"5":[0,0]}}
}
