TN:
SF:src/DataStructuresAlgorithms/List/index.ts
FN:2,(anonymous_0)
FN:14,(anonymous_2)
FN:19,(anonymous_3)
FN:32,(anonymous_4)
FN:44,(anonymous_5)
FN:58,(anonymous_6)
FN:71,(anonymous_7)
FN:78,(anonymous_8)
FN:87,(anonymous_9)
FN:96,(anonymous_10)
FN:103,(anonymous_11)
FN:111,(anonymous_12)
FN:118,(anonymous_13)
FN:125,(anonymous_14)
FN:132,(anonymous_15)
FN:140,(anonymous_16)
FNF:16
FNH:9
FNDA:2,(anonymous_0)
FNDA:2,(anonymous_2)
FNDA:1,(anonymous_3)
FNDA:0,(anonymous_4)
FNDA:1,(anonymous_5)
FNDA:0,(anonymous_6)
FNDA:3,(anonymous_7)
FNDA:1,(anonymous_8)
FNDA:1,(anonymous_9)
FNDA:0,(anonymous_10)
FNDA:0,(anonymous_11)
FNDA:0,(anonymous_12)
FNDA:0,(anonymous_13)
FNDA:3,(anonymous_14)
FNDA:0,(anonymous_15)
FNDA:1,(anonymous_16)
DA:2,1
DA:4,1
DA:6,1
DA:8,1
DA:14,1
DA:15,2
DA:19,1
DA:20,1
DA:21,1
DA:22,2
DA:23,1
DA:26,0
DA:32,1
DA:33,0
DA:34,0
DA:35,0
DA:44,1
DA:45,1
DA:46,1
DA:47,1
DA:48,1
DA:49,1
DA:51,0
DA:58,1
DA:59,0
DA:60,0
DA:61,0
DA:62,0
DA:64,0
DA:71,1
DA:72,3
DA:78,1
DA:79,1
DA:80,1
DA:87,1
DA:88,1
DA:89,1
DA:96,1
DA:97,0
DA:103,1
DA:104,0
DA:111,1
DA:112,0
DA:118,1
DA:119,0
DA:125,1
DA:126,3
DA:132,1
DA:133,0
DA:134,0
DA:140,1
DA:141,1
DA:143,1
LF:53
LH:37
BRDA:22,0,0,1
BRDA:46,1,0,1
BRDA:60,2,0,0
BRDA:79,3,0,1
BRDA:88,4,0,1
BRDA:134,5,0,0
BRDA:134,5,1,0
BRF:7
BRH:4
end_of_record
